C:\Program Files (x86)\Microsoft Visual Studio\2019\Community\MSBuild\Microsoft\VC\v160\Microsoft.CppBuild.targets(513,5): warning MSB8028: The intermediate directory (Debug\) contains files shared from another project (OpenGLSample.vcxproj).  This can lead to incorrect clean and rebuild behavior.
  Source.cpp
C:\Users\PC\Desktop\RenderProject\Source.cpp(433,22): warning C4244: 'initializing': conversion from 'double' to 'float', possible loss of data
C:\Users\PC\Desktop\RenderProject\Source.cpp(462,51): warning C4305: 'argument': truncation from 'double' to 'float'
C:\Users\PC\Desktop\RenderProject\Source.cpp(463,55): warning C4305: 'argument': truncation from 'double' to 'float'
C:\Users\PC\Desktop\RenderProject\Source.cpp(470,51): warning C4305: 'argument': truncation from 'double' to 'float'
C:\Users\PC\Desktop\RenderProject\Source.cpp(471,55): warning C4305: 'argument': truncation from 'double' to 'float'
C:\Users\PC\Desktop\RenderProject\Source.cpp(478,51): warning C4305: 'argument': truncation from 'double' to 'float'
C:\Users\PC\Desktop\RenderProject\Source.cpp(479,55): warning C4305: 'argument': truncation from 'double' to 'float'
C:\Users\PC\Desktop\RenderProject\Source.cpp(486,51): warning C4305: 'argument': truncation from 'double' to 'float'
C:\Users\PC\Desktop\RenderProject\Source.cpp(487,55): warning C4305: 'argument': truncation from 'double' to 'float'
C:\Users\PC\Desktop\RenderProject\Source.cpp(495,46): warning C4305: 'argument': truncation from 'double' to 'float'
C:\Users\PC\Desktop\RenderProject\Source.cpp(496,50): warning C4305: 'argument': truncation from 'double' to 'float'
C:\Users\PC\Desktop\RenderProject\Source.cpp(574,63): warning C4305: 'argument': truncation from 'double' to 'float'
C:\Users\PC\Desktop\RenderProject\Source.cpp(648,11): warning C4244: '=': conversion from 'double' to 'float', possible loss of data
C:\Users\PC\Desktop\RenderProject\Source.cpp(649,11): warning C4244: '=': conversion from 'double' to 'float', possible loss of data
C:\Users\PC\Desktop\RenderProject\Source.cpp(653,16): warning C4244: 'initializing': conversion from 'double' to 'float', possible loss of data
C:\Users\PC\Desktop\RenderProject\Source.cpp(654,16): warning C4244: 'initializing': conversion from 'double' to 'float', possible loss of data
C:\Users\PC\Desktop\RenderProject\Source.cpp(655,10): warning C4244: '=': conversion from 'double' to 'float', possible loss of data
C:\Users\PC\Desktop\RenderProject\Source.cpp(656,10): warning C4244: '=': conversion from 'double' to 'float', possible loss of data
LINK : warning LNK4098: defaultlib 'MSVCRT' conflicts with use of other libs; use /NODEFAULTLIB:library
  OpenGLSample.vcxproj -> C:\Users\PC\Desktop\RenderProject\Debug\RenderProject.exe
